Start testing: Mar 04 14:27 CST
----------------------------------------------------------
1/8 Testing: Runs
1/8 Test: Runs
Command: "/home/qizhengxun/cmake-3.25.3-tutorial-source/Step5/build/Tutorial" "25"
Directory: /home/qizhengxun/cmake-3.25.3-tutorial-source/Step5/build
"Runs" start time: Mar 04 14:27 CST
Output:
----------------------------------------------------------
Computing sqrt of 25 to be 13
Computing sqrt of 25 to be 7.46154
Computing sqrt of 25 to be 5.40603
Computing sqrt of 25 to be 5.01525
Computing sqrt of 25 to be 5.00002
Computing sqrt of 25 to be 5
Computing sqrt of 25 to be 5
Computing sqrt of 25 to be 5
Computing sqrt of 25 to be 5
Computing sqrt of 25 to be 5
The square root of 25 is 5
<end of output>
Test time =   0.09 sec
----------------------------------------------------------
Test Passed.
"Runs" end time: Mar 04 14:27 CST
"Runs" time elapsed: 00:00:00
----------------------------------------------------------

2/8 Testing: Usage
2/8 Test: Usage
Command: "/home/qizhengxun/cmake-3.25.3-tutorial-source/Step5/build/Tutorial"
Directory: /home/qizhengxun/cmake-3.25.3-tutorial-source/Step5/build
"Usage" start time: Mar 04 14:27 CST
Output:
----------------------------------------------------------
/home/qizhengxun/cmake-3.25.3-tutorial-source/Step5/build/Tutorial Version 1.0
Usage: /home/qizhengxun/cmake-3.25.3-tutorial-source/Step5/build/Tutorial number
<end of output>
Test time =   0.08 sec
----------------------------------------------------------
Test Pass Reason:
Required regular expression found. Regex=[Usage:.*number]
"Usage" end time: Mar 04 14:27 CST
"Usage" time elapsed: 00:00:00
----------------------------------------------------------

3/8 Testing: StandardUse
3/8 Test: StandardUse
Command: "/home/qizhengxun/cmake-3.25.3-tutorial-source/Step5/build/Tutorial" "4"
Directory: /home/qizhengxun/cmake-3.25.3-tutorial-source/Step5/build
"StandardUse" start time: Mar 04 14:27 CST
Output:
----------------------------------------------------------
Computing sqrt of 4 to be 2.5
Computing sqrt of 4 to be 2.05
Computing sqrt of 4 to be 2.00061
Computing sqrt of 4 to be 2
Computing sqrt of 4 to be 2
Computing sqrt of 4 to be 2
Computing sqrt of 4 to be 2
Computing sqrt of 4 to be 2
Computing sqrt of 4 to be 2
Computing sqrt of 4 to be 2
The square root of 4 is 2
<end of output>
Test time =   0.08 sec
----------------------------------------------------------
Test Pass Reason:
Required regular expression found. Regex=[4 is 2]
"StandardUse" end time: Mar 04 14:27 CST
"StandardUse" time elapsed: 00:00:00
----------------------------------------------------------

4/8 Testing: test_4
4/8 Test: test_4
Command: "/home/qizhengxun/cmake-3.25.3-tutorial-source/Step5/build/Tutorial" "4"
Directory: /home/qizhengxun/cmake-3.25.3-tutorial-source/Step5/build
"test_4" start time: Mar 04 14:27 CST
Output:
----------------------------------------------------------
Computing sqrt of 4 to be 2.5
Computing sqrt of 4 to be 2.05
Computing sqrt of 4 to be 2.00061
Computing sqrt of 4 to be 2
Computing sqrt of 4 to be 2
Computing sqrt of 4 to be 2
Computing sqrt of 4 to be 2
Computing sqrt of 4 to be 2
Computing sqrt of 4 to be 2
Computing sqrt of 4 to be 2
The square root of 4 is 2
<end of output>
Test time =   0.08 sec
----------------------------------------------------------
Test Pass Reason:
Required regular expression found. Regex=[4 is 2]
"test_4" end time: Mar 04 14:27 CST
"test_4" time elapsed: 00:00:00
----------------------------------------------------------

5/8 Testing: test_9
5/8 Test: test_9
Command: "/home/qizhengxun/cmake-3.25.3-tutorial-source/Step5/build/Tutorial" "9"
Directory: /home/qizhengxun/cmake-3.25.3-tutorial-source/Step5/build
"test_9" start time: Mar 04 14:27 CST
Output:
----------------------------------------------------------
Computing sqrt of 9 to be 5
Computing sqrt of 9 to be 3.4
Computing sqrt of 9 to be 3.02353
Computing sqrt of 9 to be 3.00009
Computing sqrt of 9 to be 3
Computing sqrt of 9 to be 3
Computing sqrt of 9 to be 3
Computing sqrt of 9 to be 3
Computing sqrt of 9 to be 3
Computing sqrt of 9 to be 3
The square root of 9 is 3
<end of output>
Test time =   0.08 sec
----------------------------------------------------------
Test Pass Reason:
Required regular expression found. Regex=[9 is 3]
"test_9" end time: Mar 04 14:27 CST
"test_9" time elapsed: 00:00:00
----------------------------------------------------------

6/8 Testing: test_25
6/8 Test: test_25
Command: "/home/qizhengxun/cmake-3.25.3-tutorial-source/Step5/build/Tutorial" "25"
Directory: /home/qizhengxun/cmake-3.25.3-tutorial-source/Step5/build
"test_25" start time: Mar 04 14:27 CST
Output:
----------------------------------------------------------
Computing sqrt of 25 to be 13
Computing sqrt of 25 to be 7.46154
Computing sqrt of 25 to be 5.40603
Computing sqrt of 25 to be 5.01525
Computing sqrt of 25 to be 5.00002
Computing sqrt of 25 to be 5
Computing sqrt of 25 to be 5
Computing sqrt of 25 to be 5
Computing sqrt of 25 to be 5
Computing sqrt of 25 to be 5
The square root of 25 is 5
<end of output>
Test time =   0.08 sec
----------------------------------------------------------
Test Pass Reason:
Required regular expression found. Regex=[25 is 5]
"test_25" end time: Mar 04 14:27 CST
"test_25" time elapsed: 00:00:00
----------------------------------------------------------

7/8 Testing: test_0.0001
7/8 Test: test_0.0001
Command: "/home/qizhengxun/cmake-3.25.3-tutorial-source/Step5/build/Tutorial" "0.0001"
Directory: /home/qizhengxun/cmake-3.25.3-tutorial-source/Step5/build
"test_0.0001" start time: Mar 04 14:27 CST
Output:
----------------------------------------------------------
Computing sqrt of 0.0001 to be 0.50005
Computing sqrt of 0.0001 to be 0.250125
Computing sqrt of 0.0001 to be 0.125262
Computing sqrt of 0.0001 to be 0.0630304
Computing sqrt of 0.0001 to be 0.0323084
Computing sqrt of 0.0001 to be 0.0177018
Computing sqrt of 0.0001 to be 0.0116755
Computing sqrt of 0.0001 to be 0.0101202
Computing sqrt of 0.0001 to be 0.0100007
Computing sqrt of 0.0001 to be 0.01
The square root of 0.0001 is 0.01
<end of output>
Test time =   0.08 sec
----------------------------------------------------------
Test Pass Reason:
Required regular expression found. Regex=[0.0001 is 0.01]
"test_0.0001" end time: Mar 04 14:27 CST
"test_0.0001" time elapsed: 00:00:00
----------------------------------------------------------

8/8 Testing: test_-25
8/8 Test: test_-25
Command: "/home/qizhengxun/cmake-3.25.3-tutorial-source/Step5/build/Tutorial" "-25"
Directory: /home/qizhengxun/cmake-3.25.3-tutorial-source/Step5/build
"test_-25" start time: Mar 04 14:27 CST
Output:
----------------------------------------------------------
The square root of -25 is 0
<end of output>
Test time =   0.08 sec
----------------------------------------------------------
Test Pass Reason:
Required regular expression found. Regex=[-25 is (-nan|nan|0)]
"test_-25" end time: Mar 04 14:27 CST
"test_-25" time elapsed: 00:00:00
----------------------------------------------------------

End testing: Mar 04 14:27 CST
